<?xml version="1.0" encoding="UTF-8"?>
<!-- Generated by org.testng.reporters.JUnitReportReporter -->
<testsuite hostname="DESKTOP-5LM0RSC" failures="0" tests="1" name="com.inetBankingV_2.testcases.TC_LoginTest_001" time="100.427" errors="0" timestamp="2022-09-06T01:56:23 IST" skipped="0">
  <testcase classname="com.inetBankingV_2.testcases.TC_LoginTest_001" name="loginTest" time="100.427"/>
  <system-out/>
</testsuite> <!-- com.inetBankingV_2.testcases.TC_LoginTest_001 -->
